<?xml version="1.0" encoding="UTF-8"?>
<testsuite xmlns:xsi="http://www.w3.org/2001/XMLSchema-instance" xsi:noNamespaceSchemaLocation="https://maven.apache.org/surefire/maven-surefire-plugin/xsd/surefire-test-report-3.0.xsd" version="3.0" name="your.pkg.DatasourceCallbackBalanceTest" time="1.194" tests="1" errors="0" skipped="0" failures="0">
  <properties>
[...]
</properties>
  <testcase name="balanceApi_shouldRespondSuccessfully" classname="your.pkg.DatasourceCallbackBalanceTest" time="1.05">
    <system-out><![CDATA[Response body: {"Result":999,"ErrorText":"请求解析失败"}
]]></system-out>
  </testcase>
</testsuite>